<?xml version="1.0" encoding="utf-8"?><testsuites name="pytest tests"><testsuite name="pytest" errors="0" failures="0" skipped="3" tests="23" time="1.763" timestamp="2026-02-12T01:30:09.771190+00:00" hostname="agent-env-60211d2b-27a2-479a-9363-e2c073a13452"><testcase classname="backend.tests.test_clickbarber_e2e.TestHealthCheck" name="test_api_is_accessible" time="0.125" /><testcase classname="backend.tests.test_clickbarber_e2e.TestAuthentication" name="test_register_client" time="0.044" /><testcase classname="backend.tests.test_clickbarber_e2e.TestAuthentication" name="test_register_barber" time="0.042" /><testcase classname="backend.tests.test_clickbarber_e2e.TestAuthentication" name="test_login_with_email_password" time="0.116" /><testcase classname="backend.tests.test_clickbarber_e2e.TestAuthentication" name="test_login_invalid_credentials" time="0.038" /><testcase classname="backend.tests.test_clickbarber_e2e.TestAuthentication" name="test_check_pin_status" time="0.074" /><testcase classname="backend.tests.test_clickbarber_e2e.TestAuthentication" name="test_forgot_password" time="0.036" /><testcase classname="backend.tests.test_clickbarber_e2e.TestBarbers" name="test_get_barbers_list" time="0.081" /><testcase classname="backend.tests.test_clickbarber_e2e.TestBarbers" name="test_get_barbers_with_location" time="0.107" /><testcase classname="backend.tests.test_clickbarber_e2e.TestBarbers" name="test_get_barbers_online_only" time="0.035" /><testcase classname="backend.tests.test_clickbarber_e2e.TestBarbers" name="test_get_single_barber" time="0.151" /><testcase classname="backend.tests.test_clickbarber_e2e.TestBarbers" name="test_get_nonexistent_barber" time="0.037" /><testcase classname="backend.tests.test_clickbarber_e2e.TestBarberStatus" name="test_toggle_online_status" time="0.146" /><testcase classname="backend.tests.test_clickbarber_e2e.TestBarberStatus" name="test_toggle_home_service_status" time="0.069"><skipped type="pytest.skip" message="Could not get barber token">/app/backend/tests/test_clickbarber_e2e.py:268: Could not get barber token</skipped></testcase><testcase classname="backend.tests.test_clickbarber_e2e.TestQueue" name="test_join_queue" time="0.131" /><testcase classname="backend.tests.test_clickbarber_e2e.TestQueue" name="test_get_my_position" time="0.076" /><testcase classname="backend.tests.test_clickbarber_e2e.TestHomeServiceInterest" name="test_register_home_service_interest" time="0.075" /><testcase classname="backend.tests.test_clickbarber_e2e.TestStripeConnect" name="test_stripe_connect_status_requires_auth" time="0.034" /><testcase classname="backend.tests.test_clickbarber_e2e.TestStripeConnect" name="test_stripe_connect_status_authenticated" time="0.038"><skipped type="pytest.skip" message="Could not login as barber for Stripe tests">/app/backend/tests/test_clickbarber_e2e.py:438: Could not login as barber for Stripe tests</skipped></testcase><testcase classname="backend.tests.test_clickbarber_e2e.TestStripeConnect" name="test_stripe_onboard_requires_auth" time="0.039" /><testcase classname="backend.tests.test_clickbarber_e2e.TestReviews" name="test_get_barber_reviews" time="0.116" /><testcase classname="backend.tests.test_clickbarber_e2e.TestHistory" name="test_get_history" time="0.035"><skipped type="pytest.skip" message="Could not get auth token">/app/backend/tests/test_clickbarber_e2e.py:493: Could not get auth token</skipped></testcase><testcase classname="backend.tests.test_clickbarber_e2e.TestSeedData" name="test_seed_endpoint" time="0.037" /></testsuite></testsuites>