<?xml version="1.0" encoding="utf-8"?><testsuites name="pytest tests"><testsuite name="pytest" errors="0" failures="0" skipped="0" tests="17" time="0.930" timestamp="2026-01-12T02:21:56.948961+00:00" hostname="agent-env-4b9504de-de20-4aaf-a606-883d9e797143"><testcase classname="tests.test_chat.TestChatMessages" name="test_get_messages_returns_list" time="0.079" /><testcase classname="tests.test_chat.TestChatMessages" name="test_get_messages_with_limit" time="0.013" /><testcase classname="tests.test_chat.TestChatMessages" name="test_messages_have_required_fields" time="0.015" /><testcase classname="tests.test_chat.TestChatMessages" name="test_messages_have_ttl_field" time="0.053" /><testcase classname="tests.test_chat.TestOnlineUsers" name="test_get_online_users_returns_list" time="0.010" /><testcase classname="tests.test_chat.TestBanStatus" name="test_check_ban_status_not_banned" time="0.249" /><testcase classname="tests.test_chat.TestAdminModeration" name="test_delete_message_requires_auth" time="0.012" /><testcase classname="tests.test_chat.TestAdminModeration" name="test_delete_message_requires_admin" time="0.012" /><testcase classname="tests.test_chat.TestAdminModeration" name="test_delete_nonexistent_message" time="0.251" /><testcase classname="tests.test_chat.TestAdminModeration" name="test_ban_user_requires_auth" time="0.011" /><testcase classname="tests.test_chat.TestAdminModeration" name="test_ban_user_requires_admin" time="0.010" /><testcase classname="tests.test_chat.TestAdminModeration" name="test_ban_nonexistent_user" time="0.015" /><testcase classname="tests.test_chat.TestAdminModeration" name="test_get_bans_requires_admin" time="0.012" /><testcase classname="tests.test_chat.TestAdminModeration" name="test_get_bans_as_admin" time="0.012" /><testcase classname="tests.test_chat.TestAdminModeration" name="test_unban_requires_admin" time="0.012" /><testcase classname="tests.test_chat.TestBanWorkflow" name="test_ban_and_unban_user" time="0.086" /><testcase classname="tests.test_chat.TestCannotBanAdmin" name="test_cannot_ban_admin_user" time="0.022" /></testsuite></testsuites>