<?xml version="1.0" encoding="utf-8"?><testsuites name="pytest tests"><testsuite name="pytest" errors="0" failures="0" skipped="0" tests="21" time="5.879" timestamp="2026-01-12T03:03:05.973947+00:00" hostname="agent-env-4b9504de-de20-4aaf-a606-883d9e797143"><testcase classname="tests.test_stripe_connect.TestSubscriptionPlansPublic" name="test_get_subscription_plans_returns_200" time="0.104" /><testcase classname="tests.test_stripe_connect.TestSubscriptionPlansPublic" name="test_get_subscription_plans_returns_3_plans" time="0.077" /><testcase classname="tests.test_stripe_connect.TestSubscriptionPlansPublic" name="test_starter_plan_details" time="0.080" /><testcase classname="tests.test_stripe_connect.TestSubscriptionPlansPublic" name="test_professional_plan_details" time="0.036" /><testcase classname="tests.test_stripe_connect.TestSubscriptionPlansPublic" name="test_premium_plan_details" time="0.039" /><testcase classname="tests.test_stripe_connect.TestSubscriptionPlansPublic" name="test_plans_have_required_fields" time="0.031" /><testcase classname="tests.test_stripe_connect.TestSchoolAuth" name="test_register_school_returns_token" time="0.266" /><testcase classname="tests.test_stripe_connect.TestSchoolAuth" name="test_school_login" time="0.532" /><testcase classname="tests.test_stripe_connect.TestSchoolSubscriptionEndpoints" name="test_get_subscription_requires_auth" time="0.035" /><testcase classname="tests.test_stripe_connect.TestSchoolSubscriptionEndpoints" name="test_get_subscription_with_auth" time="0.299" /><testcase classname="tests.test_stripe_connect.TestSchoolSubscriptionEndpoints" name="test_get_earnings_requires_auth" time="0.035" /><testcase classname="tests.test_stripe_connect.TestSchoolSubscriptionEndpoints" name="test_get_earnings_with_auth" time="0.338" /><testcase classname="tests.test_stripe_connect.TestSchoolSubscriptionEndpoints" name="test_subscribe_requires_auth" time="0.031" /><testcase classname="tests.test_stripe_connect.TestSchoolSubscriptionEndpoints" name="test_subscribe_invalid_plan" time="0.303" /><testcase classname="tests.test_stripe_connect.TestSchoolSubscriptionEndpoints" name="test_subscribe_starter_creates_checkout" time="0.991" /><testcase classname="tests.test_stripe_connect.TestSchoolSubscriptionEndpoints" name="test_subscribe_professional_creates_checkout" time="0.725" /><testcase classname="tests.test_stripe_connect.TestSchoolSubscriptionEndpoints" name="test_subscribe_premium_creates_checkout" time="0.681" /><testcase classname="tests.test_stripe_connect.TestStudentCannotAccessSchoolEndpoints" name="test_student_cannot_access_subscription" time="0.303" /><testcase classname="tests.test_stripe_connect.TestStudentCannotAccessSchoolEndpoints" name="test_student_cannot_access_earnings" time="0.319" /><testcase classname="tests.test_stripe_connect.TestStudentCannotAccessSchoolEndpoints" name="test_student_cannot_subscribe" time="0.291" /><testcase classname="tests.test_stripe_connect.TestAdminLogin" name="test_admin_login" time="0.257" /></testsuite></testsuites>