<?xml version="1.0" encoding="utf-8"?><testsuites name="pytest tests"><testsuite name="pytest" errors="0" failures="0" skipped="0" tests="13" time="0.619" timestamp="2026-01-12T01:57:38.258560+00:00" hostname="agent-env-4b9504de-de20-4aaf-a606-883d9e797143"><testcase classname="tests.test_stuff_duvidas.TestContactEndpoint" name="test_contact_form_success" time="0.067" /><testcase classname="tests.test_stuff_duvidas.TestContactEndpoint" name="test_contact_form_missing_name" time="0.033" /><testcase classname="tests.test_stuff_duvidas.TestContactEndpoint" name="test_contact_form_invalid_email" time="0.040" /><testcase classname="tests.test_stuff_duvidas.TestContactEndpoint" name="test_contact_form_missing_message" time="0.033" /><testcase classname="tests.test_stuff_duvidas.TestAPIHealth" name="test_api_root" time="0.037" /><testcase classname="tests.test_stuff_duvidas.TestAPIHealth" name="test_schools_endpoint" time="0.043" /><testcase classname="tests.test_stuff_duvidas.TestAPIHealth" name="test_courses_endpoint" time="0.035" /><testcase classname="tests.test_stuff_duvidas.TestAPIHealth" name="test_transport_routes_endpoint" time="0.042" /><testcase classname="tests.test_stuff_duvidas.TestAPIHealth" name="test_services_agencies_endpoint" time="0.043" /><testcase classname="tests.test_stuff_duvidas.TestGuides" name="test_pps_guide" time="0.077" /><testcase classname="tests.test_stuff_duvidas.TestGuides" name="test_gnib_guide" time="0.038" /><testcase classname="tests.test_stuff_duvidas.TestGuides" name="test_passport_guide" time="0.036" /><testcase classname="tests.test_stuff_duvidas.TestGuides" name="test_driving_license_guide" time="0.036" /></testsuite></testsuites>