<?xml version="1.0" encoding="utf-8"?><testsuites name="pytest tests"><testsuite name="pytest" errors="0" failures="0" skipped="0" tests="10" time="4.940" timestamp="2026-02-08T13:51:25.645287+00:00" hostname="agent-env-5523611b-6fd5-46bc-9ac0-0f0ea2fa749e"><testcase classname="backend.tests.test_stripe_connect.TestStripeConnectStatus" name="test_connect_status_requires_auth" time="0.055" /><testcase classname="backend.tests.test_stripe_connect.TestStripeConnectStatus" name="test_connect_status_as_barber" time="0.079" /><testcase classname="backend.tests.test_stripe_connect.TestStripeConnectOnboarding" name="test_onboard_requires_auth" time="0.035" /><testcase classname="backend.tests.test_stripe_connect.TestStripeConnectOnboarding" name="test_onboard_requires_barber_role" time="0.068" /><testcase classname="backend.tests.test_stripe_connect.TestStripeConnectOnboarding" name="test_onboard_creates_stripe_account" time="3.782" /><testcase classname="backend.tests.test_stripe_connect.TestStripeConnectPayment" name="test_payment_requires_auth" time="0.077" /><testcase classname="backend.tests.test_stripe_connect.TestStripeConnectPayment" name="test_payment_requires_barber_stripe" time="0.106" /><testcase classname="backend.tests.test_stripe_connect.TestStripeConnectPayment" name="test_payment_commission_calculation" time="0.000" /><testcase classname="backend.tests.test_stripe_connect.TestBarberDashboardStripeIntegration" name="test_barber_can_see_stripe_section" time="0.547" /><testcase classname="backend.tests.test_stripe_connect.TestEndToEndPaymentFlow" name="test_full_payment_flow" time="0.134" /></testsuite></testsuites>